<?xml version="1.0" encoding="UTF-8"?>
<testsuite xmlns:xsi="http://www.w3.org/2001/XMLSchema-instance" xsi:noNamespaceSchemaLocation="https://maven.apache.org/surefire/maven-surefire-plugin/xsd/surefire-test-report.xsd" name="PlayersAPI.RestAssured.PlayersApiTests" time="3.208" tests="8" errors="0" skipped="0" failures="0">
  <properties>
    <property name="sun.desktop" value="windows"/>
    <property name="awt.toolkit" value="sun.awt.windows.WToolkit"/>
    <property name="file.encoding.pkg" value="sun.io"/>
    <property name="java.specification.version" value="1.8"/>
    <property name="sun.cpu.isalist" value="amd64"/>
    <property name="sun.jnu.encoding" value="Cp1252"/>
    <property name="java.class.path" value="C:\Users\venky\Desktop\EclipseProjects\RestAssured\target\test-classes;C:\Users\venky\Desktop\EclipseProjects\RestAssured\target\classes;C:\Users\redhat\.m2\repository\io\rest-assured\rest-assured\4.3.2\rest-assured-4.3.2.jar;C:\Users\redhat\.m2\repository\org\codehaus\groovy\groovy\3.0.6\groovy-3.0.6.jar;C:\Users\redhat\.m2\repository\org\codehaus\groovy\groovy-xml\3.0.6\groovy-xml-3.0.6.jar;C:\Users\redhat\.m2\repository\org\apache\httpcomponents\httpclient\4.5.3\httpclient-4.5.3.jar;C:\Users\redhat\.m2\repository\org\apache\httpcomponents\httpcore\4.4.6\httpcore-4.4.6.jar;C:\Users\redhat\.m2\repository\commons-logging\commons-logging\1.2\commons-logging-1.2.jar;C:\Users\redhat\.m2\repository\commons-codec\commons-codec\1.9\commons-codec-1.9.jar;C:\Users\redhat\.m2\repository\org\apache\httpcomponents\httpmime\4.5.3\httpmime-4.5.3.jar;C:\Users\redhat\.m2\repository\org\hamcrest\hamcrest\2.1\hamcrest-2.1.jar;C:\Users\redhat\.m2\repository\org\ccil\cowan\tagsoup\tagsoup\1.2.1\tagsoup-1.2.1.jar;C:\Users\redhat\.m2\repository\io\rest-assured\json-path\4.3.1\json-path-4.3.1.jar;C:\Users\redhat\.m2\repository\org\codehaus\groovy\groovy-json\3.0.3\groovy-json-3.0.3.jar;C:\Users\redhat\.m2\repository\io\rest-assured\rest-assured-common\4.3.1\rest-assured-common-4.3.1.jar;C:\Users\redhat\.m2\repository\io\rest-assured\json-schema-validator\4.3.0\json-schema-validator-4.3.0.jar;C:\Users\redhat\.m2\repository\com\github\java-json-tools\json-schema-validator\2.2.10\json-schema-validator-2.2.10.jar;C:\Users\redhat\.m2\repository\com\github\java-json-tools\json-schema-core\1.2.10\json-schema-core-1.2.10.jar;C:\Users\redhat\.m2\repository\com\github\java-json-tools\jackson-coreutils\1.9\jackson-coreutils-1.9.jar;C:\Users\redhat\.m2\repository\com\github\fge\msg-simple\1.1\msg-simple-1.1.jar;C:\Users\redhat\.m2\repository\com\github\fge\btf\1.2\btf-1.2.jar;C:\Users\redhat\.m2\repository\com\github\fge\uri-template\0.9\uri-template-0.9.jar;C:\Users\redhat\.m2\repository\org\mozilla\rhino\1.7.7.1\rhino-1.7.7.1.jar;C:\Users\redhat\.m2\repository\javax\mail\mailapi\1.4.3\mailapi-1.4.3.jar;C:\Users\redhat\.m2\repository\joda-time\joda-time\2.9.7\joda-time-2.9.7.jar;C:\Users\redhat\.m2\repository\com\googlecode\libphonenumber\libphonenumber\8.0.0\libphonenumber-8.0.0.jar;C:\Users\redhat\.m2\repository\com\google\code\findbugs\jsr305\3.0.1\jsr305-3.0.1.jar;C:\Users\redhat\.m2\repository\net\sf\jopt-simple\jopt-simple\5.0.3\jopt-simple-5.0.3.jar;C:\Users\redhat\.m2\repository\io\rest-assured\xml-path\4.3.1\xml-path-4.3.1.jar;C:\Users\redhat\.m2\repository\jakarta\xml\bind\jakarta.xml.bind-api\2.3.3\jakarta.xml.bind-api-2.3.3.jar;C:\Users\redhat\.m2\repository\jakarta\activation\jakarta.activation-api\1.2.2\jakarta.activation-api-1.2.2.jar;C:\Users\redhat\.m2\repository\com\sun\xml\bind\jaxb-impl\2.3.3\jaxb-impl-2.3.3.jar;C:\Users\redhat\.m2\repository\org\hamcrest\hamcrest-core\2.2\hamcrest-core-2.2.jar;C:\Users\redhat\.m2\repository\org\hamcrest\hamcrest-library\2.2\hamcrest-library-2.2.jar;C:\Users\redhat\.m2\repository\org\hamcrest\java-hamcrest\2.0.0.0\java-hamcrest-2.0.0.0.jar;C:\Users\redhat\.m2\repository\org\testng\testng\7.1.0\testng-7.1.0.jar;C:\Users\redhat\.m2\repository\com\beust\jcommander\1.72\jcommander-1.72.jar;C:\Users\redhat\.m2\repository\com\google\inject\guice\4.1.0\guice-4.1.0-no_aop.jar;C:\Users\redhat\.m2\repository\javax\inject\javax.inject\1\javax.inject-1.jar;C:\Users\redhat\.m2\repository\aopalliance\aopalliance\1.0\aopalliance-1.0.jar;C:\Users\redhat\.m2\repository\com\google\guava\guava\19.0\guava-19.0.jar;C:\Users\redhat\.m2\repository\org\yaml\snakeyaml\1.21\snakeyaml-1.21.jar;C:\Users\redhat\.m2\repository\com\fasterxml\jackson\core\jackson-core\2.12.0\jackson-core-2.12.0.jar;C:\Users\redhat\.m2\repository\com\fasterxml\jackson\core\jackson-databind\2.12.0\jackson-databind-2.12.0.jar;C:\Users\redhat\.m2\repository\javax\xml\bind\jaxb-api\2.3.1\jaxb-api-2.3.1.jar;C:\Users\redhat\.m2\repository\javax\activation\javax.activation-api\1.2.0\javax.activation-api-1.2.0.jar;C:\Users\redhat\.m2\repository\com\fasterxml\jackson\core\jackson-annotations\2.12.0\jackson-annotations-2.12.0.jar;C:\Users\redhat\.m2\repository\javax\activation\activation\1.1.1\activation-1.1.1.jar;C:\Users\redhat\.m2\repository\org\codehaus\groovy\groovy-ant\3.0.3\groovy-ant-3.0.3.jar;C:\Users\redhat\.m2\repository\org\apache\ant\ant\1.10.7\ant-1.10.7.jar;C:\Users\redhat\.m2\repository\org\apache\ant\ant-junit\1.10.7\ant-junit-1.10.7.jar;C:\Program Files\Java\jdk1.8.0_231\jre\..\lib\tools.jar;C:\Users\redhat\.m2\repository\org\apache\ant\ant-launcher\1.10.7\ant-launcher-1.10.7.jar;C:\Users\redhat\.m2\repository\org\apache\ant\ant-antlr\1.10.7\ant-antlr-1.10.7.jar;C:\Users\redhat\.m2\repository\org\codehaus\groovy\groovy-astbuilder\3.0.3\groovy-astbuilder-3.0.3.jar;C:\Users\redhat\.m2\repository\org\codehaus\groovy\groovy-cli-picocli\3.0.3\groovy-cli-picocli-3.0.3.jar;C:\Users\redhat\.m2\repository\info\picocli\picocli\4.2.0\picocli-4.2.0.jar;C:\Users\redhat\.m2\repository\org\codehaus\groovy\groovy-console\3.0.3\groovy-console-3.0.3.jar;C:\Users\redhat\.m2\repository\org\codehaus\groovy\groovy-datetime\3.0.3\groovy-datetime-3.0.3.jar;C:\Users\redhat\.m2\repository\org\codehaus\groovy\groovy-docgenerator\3.0.3\groovy-docgenerator-3.0.3.jar;C:\Users\redhat\.m2\repository\com\thoughtworks\qdox\qdox\1.12.1\qdox-1.12.1.jar;C:\Users\redhat\.m2\repository\org\codehaus\groovy\groovy-groovydoc\3.0.3\groovy-groovydoc-3.0.3.jar;C:\Users\redhat\.m2\repository\com\github\javaparser\javaparser-core\3.15.17\javaparser-core-3.15.17.jar;C:\Users\redhat\.m2\repository\org\codehaus\groovy\groovy-groovysh\3.0.3\groovy-groovysh-3.0.3.jar;C:\Users\redhat\.m2\repository\jline\jline\2.14.6\jline-2.14.6.jar;C:\Users\redhat\.m2\repository\org\codehaus\groovy\groovy-jmx\3.0.3\groovy-jmx-3.0.3.jar;C:\Users\redhat\.m2\repository\org\codehaus\groovy\groovy-jsr223\3.0.3\groovy-jsr223-3.0.3.jar;C:\Users\redhat\.m2\repository\org\codehaus\groovy\groovy-macro\3.0.3\groovy-macro-3.0.3.jar;C:\Users\redhat\.m2\repository\org\codehaus\groovy\groovy-nio\3.0.3\groovy-nio-3.0.3.jar;C:\Users\redhat\.m2\repository\org\codehaus\groovy\groovy-servlet\3.0.3\groovy-servlet-3.0.3.jar;C:\Users\redhat\.m2\repository\org\codehaus\groovy\groovy-sql\3.0.3\groovy-sql-3.0.3.jar;C:\Users\redhat\.m2\repository\org\codehaus\groovy\groovy-swing\3.0.3\groovy-swing-3.0.3.jar;C:\Users\redhat\.m2\repository\org\codehaus\groovy\groovy-templates\3.0.3\groovy-templates-3.0.3.jar;C:\Users\redhat\.m2\repository\org\codehaus\groovy\groovy-test\3.0.3\groovy-test-3.0.3.jar;C:\Users\redhat\.m2\repository\junit\junit\4.13\junit-4.13.jar;C:\Users\redhat\.m2\repository\org\codehaus\groovy\groovy-test-junit5\3.0.3\groovy-test-junit5-3.0.3.jar;C:\Users\redhat\.m2\repository\org\junit\platform\junit-platform-launcher\1.6.0\junit-platform-launcher-1.6.0.jar;C:\Users\redhat\.m2\repository\org\junit\platform\junit-platform-engine\1.6.0\junit-platform-engine-1.6.0.jar;C:\Users\redhat\.m2\repository\org\opentest4j\opentest4j\1.2.0\opentest4j-1.2.0.jar;C:\Users\redhat\.m2\repository\org\junit\platform\junit-platform-commons\1.6.0\junit-platform-commons-1.6.0.jar;C:\Users\redhat\.m2\repository\org\junit\jupiter\junit-jupiter-engine\5.6.0\junit-jupiter-engine-5.6.0.jar;C:\Users\redhat\.m2\repository\org\junit\jupiter\junit-jupiter-api\5.6.0\junit-jupiter-api-5.6.0.jar;C:\Users\redhat\.m2\repository\org\codehaus\groovy\groovy-testng\3.0.3\groovy-testng-3.0.3.jar;C:\Users\redhat\.m2\repository\com\google\code\gson\gson\2.8.6\gson-2.8.6.jar;C:\Users\redhat\.m2\repository\commons-io\commons-io\2.8.0\commons-io-2.8.0.jar;C:\Users\redhat\.m2\repository\org\apache\commons\commons-lang3\3.11\commons-lang3-3.11.jar;"/>
    <property name="java.vm.vendor" value="Oracle Corporation"/>
    <property name="sun.arch.data.model" value="64"/>
    <property name="user.variant" value=""/>
    <property name="java.vendor.url" value="http://java.oracle.com/"/>
    <property name="user.timezone" value="Europe/Berlin"/>
    <property name="user.country.format" value="SE"/>
    <property name="java.vm.specification.version" value="1.8"/>
    <property name="os.name" value="Windows 10"/>
    <property name="user.country" value="GB"/>
    <property name="sun.java.launcher" value="SUN_STANDARD"/>
    <property name="sun.boot.library.path" value="C:\Program Files\Java\jdk1.8.0_231\jre\bin"/>
    <property name="sun.java.command" value="C:\Users\redhat\AppData\Local\Temp\surefire9024542222300471121\surefirebooter727739630422668109.jar C:\Users\redhat\AppData\Local\Temp\surefire9024542222300471121 2021-03-16T13-58-29_166-jvmRun1 surefire1446871706163519449tmp surefire_01639859116868054863tmp"/>
    <property name="surefire.test.class.path" value="C:\Users\venky\Desktop\EclipseProjects\RestAssured\target\test-classes;C:\Users\venky\Desktop\EclipseProjects\RestAssured\target\classes;C:\Users\redhat\.m2\repository\io\rest-assured\rest-assured\4.3.2\rest-assured-4.3.2.jar;C:\Users\redhat\.m2\repository\org\codehaus\groovy\groovy\3.0.6\groovy-3.0.6.jar;C:\Users\redhat\.m2\repository\org\codehaus\groovy\groovy-xml\3.0.6\groovy-xml-3.0.6.jar;C:\Users\redhat\.m2\repository\org\apache\httpcomponents\httpclient\4.5.3\httpclient-4.5.3.jar;C:\Users\redhat\.m2\repository\org\apache\httpcomponents\httpcore\4.4.6\httpcore-4.4.6.jar;C:\Users\redhat\.m2\repository\commons-logging\commons-logging\1.2\commons-logging-1.2.jar;C:\Users\redhat\.m2\repository\commons-codec\commons-codec\1.9\commons-codec-1.9.jar;C:\Users\redhat\.m2\repository\org\apache\httpcomponents\httpmime\4.5.3\httpmime-4.5.3.jar;C:\Users\redhat\.m2\repository\org\hamcrest\hamcrest\2.1\hamcrest-2.1.jar;C:\Users\redhat\.m2\repository\org\ccil\cowan\tagsoup\tagsoup\1.2.1\tagsoup-1.2.1.jar;C:\Users\redhat\.m2\repository\io\rest-assured\json-path\4.3.1\json-path-4.3.1.jar;C:\Users\redhat\.m2\repository\org\codehaus\groovy\groovy-json\3.0.3\groovy-json-3.0.3.jar;C:\Users\redhat\.m2\repository\io\rest-assured\rest-assured-common\4.3.1\rest-assured-common-4.3.1.jar;C:\Users\redhat\.m2\repository\io\rest-assured\json-schema-validator\4.3.0\json-schema-validator-4.3.0.jar;C:\Users\redhat\.m2\repository\com\github\java-json-tools\json-schema-validator\2.2.10\json-schema-validator-2.2.10.jar;C:\Users\redhat\.m2\repository\com\github\java-json-tools\json-schema-core\1.2.10\json-schema-core-1.2.10.jar;C:\Users\redhat\.m2\repository\com\github\java-json-tools\jackson-coreutils\1.9\jackson-coreutils-1.9.jar;C:\Users\redhat\.m2\repository\com\github\fge\msg-simple\1.1\msg-simple-1.1.jar;C:\Users\redhat\.m2\repository\com\github\fge\btf\1.2\btf-1.2.jar;C:\Users\redhat\.m2\repository\com\github\fge\uri-template\0.9\uri-template-0.9.jar;C:\Users\redhat\.m2\repository\org\mozilla\rhino\1.7.7.1\rhino-1.7.7.1.jar;C:\Users\redhat\.m2\repository\javax\mail\mailapi\1.4.3\mailapi-1.4.3.jar;C:\Users\redhat\.m2\repository\joda-time\joda-time\2.9.7\joda-time-2.9.7.jar;C:\Users\redhat\.m2\repository\com\googlecode\libphonenumber\libphonenumber\8.0.0\libphonenumber-8.0.0.jar;C:\Users\redhat\.m2\repository\com\google\code\findbugs\jsr305\3.0.1\jsr305-3.0.1.jar;C:\Users\redhat\.m2\repository\net\sf\jopt-simple\jopt-simple\5.0.3\jopt-simple-5.0.3.jar;C:\Users\redhat\.m2\repository\io\rest-assured\xml-path\4.3.1\xml-path-4.3.1.jar;C:\Users\redhat\.m2\repository\jakarta\xml\bind\jakarta.xml.bind-api\2.3.3\jakarta.xml.bind-api-2.3.3.jar;C:\Users\redhat\.m2\repository\jakarta\activation\jakarta.activation-api\1.2.2\jakarta.activation-api-1.2.2.jar;C:\Users\redhat\.m2\repository\com\sun\xml\bind\jaxb-impl\2.3.3\jaxb-impl-2.3.3.jar;C:\Users\redhat\.m2\repository\org\hamcrest\hamcrest-core\2.2\hamcrest-core-2.2.jar;C:\Users\redhat\.m2\repository\org\hamcrest\hamcrest-library\2.2\hamcrest-library-2.2.jar;C:\Users\redhat\.m2\repository\org\hamcrest\java-hamcrest\2.0.0.0\java-hamcrest-2.0.0.0.jar;C:\Users\redhat\.m2\repository\org\testng\testng\7.1.0\testng-7.1.0.jar;C:\Users\redhat\.m2\repository\com\beust\jcommander\1.72\jcommander-1.72.jar;C:\Users\redhat\.m2\repository\com\google\inject\guice\4.1.0\guice-4.1.0-no_aop.jar;C:\Users\redhat\.m2\repository\javax\inject\javax.inject\1\javax.inject-1.jar;C:\Users\redhat\.m2\repository\aopalliance\aopalliance\1.0\aopalliance-1.0.jar;C:\Users\redhat\.m2\repository\com\google\guava\guava\19.0\guava-19.0.jar;C:\Users\redhat\.m2\repository\org\yaml\snakeyaml\1.21\snakeyaml-1.21.jar;C:\Users\redhat\.m2\repository\com\fasterxml\jackson\core\jackson-core\2.12.0\jackson-core-2.12.0.jar;C:\Users\redhat\.m2\repository\com\fasterxml\jackson\core\jackson-databind\2.12.0\jackson-databind-2.12.0.jar;C:\Users\redhat\.m2\repository\javax\xml\bind\jaxb-api\2.3.1\jaxb-api-2.3.1.jar;C:\Users\redhat\.m2\repository\javax\activation\javax.activation-api\1.2.0\javax.activation-api-1.2.0.jar;C:\Users\redhat\.m2\repository\com\fasterxml\jackson\core\jackson-annotations\2.12.0\jackson-annotations-2.12.0.jar;C:\Users\redhat\.m2\repository\javax\activation\activation\1.1.1\activation-1.1.1.jar;C:\Users\redhat\.m2\repository\org\codehaus\groovy\groovy-ant\3.0.3\groovy-ant-3.0.3.jar;C:\Users\redhat\.m2\repository\org\apache\ant\ant\1.10.7\ant-1.10.7.jar;C:\Users\redhat\.m2\repository\org\apache\ant\ant-junit\1.10.7\ant-junit-1.10.7.jar;C:\Program Files\Java\jdk1.8.0_231\jre\..\lib\tools.jar;C:\Users\redhat\.m2\repository\org\apache\ant\ant-launcher\1.10.7\ant-launcher-1.10.7.jar;C:\Users\redhat\.m2\repository\org\apache\ant\ant-antlr\1.10.7\ant-antlr-1.10.7.jar;C:\Users\redhat\.m2\repository\org\codehaus\groovy\groovy-astbuilder\3.0.3\groovy-astbuilder-3.0.3.jar;C:\Users\redhat\.m2\repository\org\codehaus\groovy\groovy-cli-picocli\3.0.3\groovy-cli-picocli-3.0.3.jar;C:\Users\redhat\.m2\repository\info\picocli\picocli\4.2.0\picocli-4.2.0.jar;C:\Users\redhat\.m2\repository\org\codehaus\groovy\groovy-console\3.0.3\groovy-console-3.0.3.jar;C:\Users\redhat\.m2\repository\org\codehaus\groovy\groovy-datetime\3.0.3\groovy-datetime-3.0.3.jar;C:\Users\redhat\.m2\repository\org\codehaus\groovy\groovy-docgenerator\3.0.3\groovy-docgenerator-3.0.3.jar;C:\Users\redhat\.m2\repository\com\thoughtworks\qdox\qdox\1.12.1\qdox-1.12.1.jar;C:\Users\redhat\.m2\repository\org\codehaus\groovy\groovy-groovydoc\3.0.3\groovy-groovydoc-3.0.3.jar;C:\Users\redhat\.m2\repository\com\github\javaparser\javaparser-core\3.15.17\javaparser-core-3.15.17.jar;C:\Users\redhat\.m2\repository\org\codehaus\groovy\groovy-groovysh\3.0.3\groovy-groovysh-3.0.3.jar;C:\Users\redhat\.m2\repository\jline\jline\2.14.6\jline-2.14.6.jar;C:\Users\redhat\.m2\repository\org\codehaus\groovy\groovy-jmx\3.0.3\groovy-jmx-3.0.3.jar;C:\Users\redhat\.m2\repository\org\codehaus\groovy\groovy-jsr223\3.0.3\groovy-jsr223-3.0.3.jar;C:\Users\redhat\.m2\repository\org\codehaus\groovy\groovy-macro\3.0.3\groovy-macro-3.0.3.jar;C:\Users\redhat\.m2\repository\org\codehaus\groovy\groovy-nio\3.0.3\groovy-nio-3.0.3.jar;C:\Users\redhat\.m2\repository\org\codehaus\groovy\groovy-servlet\3.0.3\groovy-servlet-3.0.3.jar;C:\Users\redhat\.m2\repository\org\codehaus\groovy\groovy-sql\3.0.3\groovy-sql-3.0.3.jar;C:\Users\redhat\.m2\repository\org\codehaus\groovy\groovy-swing\3.0.3\groovy-swing-3.0.3.jar;C:\Users\redhat\.m2\repository\org\codehaus\groovy\groovy-templates\3.0.3\groovy-templates-3.0.3.jar;C:\Users\redhat\.m2\repository\org\codehaus\groovy\groovy-test\3.0.3\groovy-test-3.0.3.jar;C:\Users\redhat\.m2\repository\junit\junit\4.13\junit-4.13.jar;C:\Users\redhat\.m2\repository\org\codehaus\groovy\groovy-test-junit5\3.0.3\groovy-test-junit5-3.0.3.jar;C:\Users\redhat\.m2\repository\org\junit\platform\junit-platform-launcher\1.6.0\junit-platform-launcher-1.6.0.jar;C:\Users\redhat\.m2\repository\org\junit\platform\junit-platform-engine\1.6.0\junit-platform-engine-1.6.0.jar;C:\Users\redhat\.m2\repository\org\opentest4j\opentest4j\1.2.0\opentest4j-1.2.0.jar;C:\Users\redhat\.m2\repository\org\junit\platform\junit-platform-commons\1.6.0\junit-platform-commons-1.6.0.jar;C:\Users\redhat\.m2\repository\org\junit\jupiter\junit-jupiter-engine\5.6.0\junit-jupiter-engine-5.6.0.jar;C:\Users\redhat\.m2\repository\org\junit\jupiter\junit-jupiter-api\5.6.0\junit-jupiter-api-5.6.0.jar;C:\Users\redhat\.m2\repository\org\codehaus\groovy\groovy-testng\3.0.3\groovy-testng-3.0.3.jar;C:\Users\redhat\.m2\repository\com\google\code\gson\gson\2.8.6\gson-2.8.6.jar;C:\Users\redhat\.m2\repository\commons-io\commons-io\2.8.0\commons-io-2.8.0.jar;C:\Users\redhat\.m2\repository\org\apache\commons\commons-lang3\3.11\commons-lang3-3.11.jar;"/>
    <property name="sun.cpu.endian" value="little"/>
    <property name="user.home" value="C:\Users\redhat"/>
    <property name="user.language" value="en"/>
    <property name="java.specification.vendor" value="Oracle Corporation"/>
    <property name="java.home" value="C:\Program Files\Java\jdk1.8.0_231\jre"/>
    <property name="basedir" value="C:\Users\venky\Desktop\EclipseProjects\RestAssured"/>
    <property name="file.separator" value="\"/>
    <property name="line.separator" value="&#10;"/>
    <property name="java.vm.specification.vendor" value="Oracle Corporation"/>
    <property name="java.specification.name" value="Java Platform API Specification"/>
    <property name="java.awt.graphicsenv" value="sun.awt.Win32GraphicsEnvironment"/>
    <property name="surefire.real.class.path" value="C:\Users\redhat\AppData\Local\Temp\surefire9024542222300471121\surefirebooter727739630422668109.jar"/>
    <property name="sun.boot.class.path" value="C:\Program Files\Java\jdk1.8.0_231\jre\lib\resources.jar;C:\Program Files\Java\jdk1.8.0_231\jre\lib\rt.jar;C:\Program Files\Java\jdk1.8.0_231\jre\lib\sunrsasign.jar;C:\Program Files\Java\jdk1.8.0_231\jre\lib\jsse.jar;C:\Program Files\Java\jdk1.8.0_231\jre\lib\jce.jar;C:\Program Files\Java\jdk1.8.0_231\jre\lib\charsets.jar;C:\Program Files\Java\jdk1.8.0_231\jre\lib\jfr.jar;C:\Program Files\Java\jdk1.8.0_231\jre\classes"/>
    <property name="user.script" value=""/>
    <property name="sun.management.compiler" value="HotSpot 64-Bit Tiered Compilers"/>
    <property name="java.runtime.version" value="1.8.0_231-b11"/>
    <property name="user.name" value="redhat"/>
    <property name="path.separator" value=";"/>
    <property name="os.version" value="10.0"/>
    <property name="java.endorsed.dirs" value="C:\Program Files\Java\jdk1.8.0_231\jre\lib\endorsed"/>
    <property name="java.runtime.name" value="Java(TM) SE Runtime Environment"/>
    <property name="file.encoding" value="Cp1252"/>
    <property name="java.vm.name" value="Java HotSpot(TM) 64-Bit Server VM"/>
    <property name="localRepository" value="C:\Users\redhat\.m2\repository"/>
    <property name="java.vendor.url.bug" value="http://bugreport.sun.com/bugreport/"/>
    <property name="java.io.tmpdir" value="C:\Users\redhat\AppData\Local\Temp\"/>
    <property name="java.version" value="1.8.0_231"/>
    <property name="user.dir" value="C:\Users\venky\Desktop\EclipseProjects\RestAssured"/>
    <property name="os.arch" value="amd64"/>
    <property name="java.vm.specification.name" value="Java Virtual Machine Specification"/>
    <property name="java.awt.printerjob" value="sun.awt.windows.WPrinterJob"/>
    <property name="sun.os.patch.level" value=""/>
    <property name="java.library.path" value="C:\Program Files\Java\jdk1.8.0_231\jre\bin;C:\WINDOWS\Sun\Java\bin;C:\WINDOWS\system32;C:\WINDOWS;C:\Python39\Scripts\;C:\Python39\;C:\Program Files\apache-maven-3.6.3\bin;C:\Program Files\Java\jdk1.8.0_231\bin;C:\Program Files\Docker\Docker\resources;C:\Program Files\MongoDB\Server\4.2;C:\Program Files\Docker\Docker\resources\bin;C:\ProgramData\DockerDesktop\version-bin;C:\WebDriver\bin;C:\PortableGit\bin\git.exe;C:\PortableGit\cmd;C:\Development\gradle-6.0\bin;C:\Program Files\nodejs\;C:\ProgramData\chocolatey\bin;C:\Users\venky\AppData\Roaming\npm;C:\Users\venky\AppData\Roaming\npm\node_modules\newman\bin;C:\Program Files\Java\jdk1.8.0_231;C:\Program Files\apache-maven-3.6.3;C:\Windows\system32\cmd.exe;C:\Windows\system32;C:\Program Files\Java\jdk1.8.0_231\jre\lib\rt.jar;C:\Program Files\Java\jdk1.8.0_231\lib\tools.jar;C:\Program Files\Java\jre1.8.0_231\bin;C:\Program Files\Java\jre1.8.0_231\lib;C:\Windows\System32\OpenSSH;C:\PortableGit\bin\git.exe:C:\PortableGit\cmd;."/>
    <property name="java.vm.info" value="mixed mode"/>
    <property name="java.vendor" value="Oracle Corporation"/>
    <property name="java.vm.version" value="25.231-b11"/>
    <property name="java.ext.dirs" value="C:\Program Files\Java\jdk1.8.0_231\jre\lib\ext;C:\WINDOWS\Sun\Java\lib\ext"/>
    <property name="sun.io.unicode.encoding" value="UnicodeLittle"/>
    <property name="java.class.version" value="52.0"/>
  </properties>
  <testcase name="testGetAll" classname="PlayersAPI.RestAssured.PlayersApiTests" time="1.613"/>
  <testcase name="testAddNew" classname="PlayersAPI.RestAssured.PlayersApiTests" time="0.285"/>
  <testcase name="testGetById" classname="PlayersAPI.RestAssured.PlayersApiTests" time="0.448"/>
  <testcase name="testNegativeAddNew" classname="PlayersAPI.RestAssured.PlayersApiTests" time="0.016"/>
  <testcase name="testUpdateById" classname="PlayersAPI.RestAssured.PlayersApiTests" time="0.035"/>
  <testcase name="testNegativeUpdateById" classname="PlayersAPI.RestAssured.PlayersApiTests" time="0.017"/>
  <testcase name="testDeleteById" classname="PlayersAPI.RestAssured.PlayersApiTests" time="0.027"/>
  <testcase name="testNegativeDeleteById" classname="PlayersAPI.RestAssured.PlayersApiTests" time="0.011"/>
</testsuite>