<?xml version="1.0" encoding="UTF-8"?>
<!-- Generated by org.testng.reporters.JUnitReportReporter -->
<testsuite hostname="Yuvan-HP-New" failures="0" tests="8" name="PlayersAPI.RestAssured.PlayersApiTests" time="2.076" errors="0" timestamp="2021-03-16T13:29:32 CET" skipped="0">
  <testcase classname="PlayersAPI.RestAssured.PlayersApiTests" name="testGetAll" time="1.213"/>
  <system-out/>
  <testcase classname="PlayersAPI.RestAssured.PlayersApiTests" name="testAddNew" time="0.335"/>
  <system-out/>
  <testcase classname="PlayersAPI.RestAssured.PlayersApiTests" name="testGetById" time="0.421"/>
  <system-out/>
  <testcase classname="PlayersAPI.RestAssured.PlayersApiTests" name="testNegativeAddNew" time="0.021"/>
  <system-out/>
  <testcase classname="PlayersAPI.RestAssured.PlayersApiTests" name="testUpdateById" time="0.034"/>
  <system-out/>
  <testcase classname="PlayersAPI.RestAssured.PlayersApiTests" name="testNegativeUpdateById" time="0.014"/>
  <system-out/>
  <testcase classname="PlayersAPI.RestAssured.PlayersApiTests" name="testDeleteById" time="0.026"/>
  <system-out/>
  <testcase classname="PlayersAPI.RestAssured.PlayersApiTests" name="testNegativeDeleteById" time="0.012"/>
  <system-out/>
</testsuite> <!-- PlayersAPI.RestAssured.PlayersApiTests -->
