<?xml version="1.0" encoding="UTF-8"?>
<!-- Generated by org.testng.reporters.JUnitReportReporter -->
<testsuite hostname="Yuvan-HP-New" failures="0" tests="8" name="PlayersAPI.RestAssured.PlayersApiTests" time="2.042" errors="0" timestamp="2021-03-16T13:51:57 CET" skipped="0">
  <testcase classname="PlayersAPI.RestAssured.PlayersApiTests" name="testGetAll" time="1.192"/>
  <system-out/>
  <testcase classname="PlayersAPI.RestAssured.PlayersApiTests" name="testAddNew" time="0.303"/>
  <system-out/>
  <testcase classname="PlayersAPI.RestAssured.PlayersApiTests" name="testGetById" time="0.417"/>
  <system-out/>
  <testcase classname="PlayersAPI.RestAssured.PlayersApiTests" name="testNegativeAddNew" time="0.018"/>
  <system-out/>
  <testcase classname="PlayersAPI.RestAssured.PlayersApiTests" name="testUpdateById" time="0.040"/>
  <system-out/>
  <testcase classname="PlayersAPI.RestAssured.PlayersApiTests" name="testNegativeUpdateById" time="0.013"/>
  <system-out/>
  <testcase classname="PlayersAPI.RestAssured.PlayersApiTests" name="testDeleteById" time="0.032"/>
  <system-out/>
  <testcase classname="PlayersAPI.RestAssured.PlayersApiTests" name="testNegativeDeleteById" time="0.027"/>
  <system-out/>
</testsuite> <!-- PlayersAPI.RestAssured.PlayersApiTests -->
