<?xml version="1.0" encoding="UTF-8"?>
<!-- Generated by org.testng.reporters.JUnitReportReporter -->
<testsuite skipped="0" hostname="Yuvan-HP-New" name="PlayersAPI.RestAssured.PlayersApiTests" tests="8" failures="0" timestamp="2021-03-16T13:58:33 CET" time="2.447" errors="0">
  <testcase name="testGetAll" time="1.612" classname="PlayersAPI.RestAssured.PlayersApiTests"/>
  <system-out/>
  <testcase name="testAddNew" time="0.285" classname="PlayersAPI.RestAssured.PlayersApiTests"/>
  <system-out/>
  <testcase name="testGetById" time="0.447" classname="PlayersAPI.RestAssured.PlayersApiTests"/>
  <system-out/>
  <testcase name="testNegativeAddNew" time="0.015" classname="PlayersAPI.RestAssured.PlayersApiTests"/>
  <system-out/>
  <testcase name="testUpdateById" time="0.036" classname="PlayersAPI.RestAssured.PlayersApiTests"/>
  <system-out/>
  <testcase name="testNegativeUpdateById" time="0.016" classname="PlayersAPI.RestAssured.PlayersApiTests"/>
  <system-out/>
  <testcase name="testDeleteById" time="0.026" classname="PlayersAPI.RestAssured.PlayersApiTests"/>
  <system-out/>
  <testcase name="testNegativeDeleteById" time="0.010" classname="PlayersAPI.RestAssured.PlayersApiTests"/>
  <system-out/>
</testsuite> <!-- PlayersAPI.RestAssured.PlayersApiTests -->
